app_core/proguard-project.txt
# To enable ProGuard in your project, edit project.properties
# to define the proguard.config property as described in that file.
#
# Add project specific ProGuard rules here.
# By default, the flags in this file are appended to flags specified
# in ${sdk.dir}/tools/proguard/proguard-android.txt
# You can edit the include path and order by changing the ProGuard
# include property in project.properties.
#
# For more details, see
#   http://developer.android.com/guide/developing/tools/proguard.html

# Add any project specific keep options here:

# If your project uses WebView with JS, uncomment the following
# and specify the fully qualified class name to the JavaScript interface
# class:
#-keepclassmembers class fqcn.of.javascript.interface.for.webview {
#   public *;
#}


-ignorewarnings
-optimizationpasses 5
-dontusemixedcaseclassnames
-dontskipnonpubliclibraryclasses
-dontpreverify
-verbose
-optimizations !code/simplification/arithmetic,!field/*,!class/merging/*


-keep public class * extends android.app.Activity
-keep public class * extends android.app.Application
-keep public class * extends android.app.Service
-keep public class * extends android.content.BroadcastReceiver
-keep public class * extends android.content.ContentProvider
-keep public class * extends android.app.backup.BackupAgentHelper
-keep public class * extends android.preference.Preference
-keep public class com.android.vending.licensing.ILicensingService
-keep public class * extends android.widget.LinearLayout
-keep public class * extends android.app.Dialog
-keep public class * extends android.widget.ListView
-keep public class * extends android.view.View
-keep public class * extends android.widget.HorizontalScrollView
-keep public class * extends android.widget.Gallery
-keep public class * extends android.widget.ImageView
-keep public class * extends android.widget.ProgressBar
-keep public class * extends android.graphics.drawable.Drawable

# baidu push
-libraryjars libs/pushservice-3.1.0.jar
-dontwarn com.baidu.**

# actionbarsherlock
-keep class android.support.v4.app.** { *; }
-keep interface android.support.v4.app.** { *; }
-keep class com.actionbarsherlock.** { *; }
-keep interface com.actionbarsherlock.** { *; }

# image zoom
-keep class it.sephiroth.android.library.imagezoom.** { *; }
-keep interface it.sephiroth.android.library.imagezoom.** { *; }


-keep public class com.feedback.ui.ThreadView {
}

-keep public class cn.koolcloud.ipos.appstore.R$*{
    public static final int *;
}

-keepclasseswithmembernames class * {
    native <methods>;
}

-keepclasseswithmembernames class * {
    public <init>(android.content.Context, android.util.AttributeSet);
}

-keepclasseswithmembernames class * {
    public <init>(android.content.Context, android.util.AttributeSet, int);
}

-keepclassmembers enum * {
    public static **[] values();
    public static ** valueOf(java.lang.String);
}

-keep class * implements android.os.Parcelable {
  public static final android.os.Parcelable$Creator *;
}

-libraryjars ./libs/android-support-v4.jar
-libraryjars ./libs/httpclient-android-4.3.3.jar