app_core/proguard/seeds.txt
cn.koolcloud.ipos.appstore.AboutDialogActivity
cn.koolcloud.ipos.appstore.AboutDialogActivity: AboutDialogActivity()
cn.koolcloud.ipos.appstore.AboutDialogActivity: void onClick(android.view.View)
cn.koolcloud.ipos.appstore.AppCommentDialogActivity
cn.koolcloud.ipos.appstore.AppCommentDialogActivity: AppCommentDialogActivity()
cn.koolcloud.ipos.appstore.AppCommentDialogActivity: void onClick(android.view.View)
cn.koolcloud.ipos.appstore.AppDetailActivity
cn.koolcloud.ipos.appstore.AppDetailActivity: AppDetailActivity()
cn.koolcloud.ipos.appstore.BaseActivity
cn.koolcloud.ipos.appstore.BaseActivity: BaseActivity()
cn.koolcloud.ipos.appstore.BigImageActivity
cn.koolcloud.ipos.appstore.BigImageActivity: BigImageActivity()
cn.koolcloud.ipos.appstore.CategoryActivity
cn.koolcloud.ipos.appstore.CategoryActivity: CategoryActivity()
cn.koolcloud.ipos.appstore.MainActivity
cn.koolcloud.ipos.appstore.MainActivity: MainActivity()
cn.koolcloud.ipos.appstore.MyApp
cn.koolcloud.ipos.appstore.MyApp: MyApp()
cn.koolcloud.ipos.appstore.NetWorkAlarmDialogActivity
cn.koolcloud.ipos.appstore.NetWorkAlarmDialogActivity: NetWorkAlarmDialogActivity()
cn.koolcloud.ipos.appstore.NetWorkAlarmDialogActivity: void onClick(android.view.View)
cn.koolcloud.ipos.appstore.NotificationPromotionActivity
cn.koolcloud.ipos.appstore.NotificationPromotionActivity: NotificationPromotionActivity()
cn.koolcloud.ipos.appstore.R$anim
cn.koolcloud.ipos.appstore.R$anim: int activity_close_in_anim
cn.koolcloud.ipos.appstore.R$anim: int activity_close_out_anim
cn.koolcloud.ipos.appstore.R$anim: int activity_open_in_anim
cn.koolcloud.ipos.appstore.R$anim: int activity_open_out_anim
cn.koolcloud.ipos.appstore.R$anim: int home_res_video_gallery_in
cn.koolcloud.ipos.appstore.R$anim: int left_right_in
cn.koolcloud.ipos.appstore.R$anim: int left_right_out
cn.koolcloud.ipos.appstore.R$anim: int loading_anim_rotate
cn.koolcloud.ipos.appstore.R$anim: int progressbar_activity_waiting
cn.koolcloud.ipos.appstore.R$anim: int right_left_in
cn.koolcloud.ipos.appstore.R$anim: int right_left_out
cn.koolcloud.ipos.appstore.R$anim: int scale_alpha
cn.koolcloud.ipos.appstore.R$anim: int shake_down
cn.koolcloud.ipos.appstore.R$anim: int shake_up
cn.koolcloud.ipos.appstore.R$anim: int start_btn_big_scale_alpha
cn.koolcloud.ipos.appstore.R$anim: int start_btn_small_scale_alpha
cn.koolcloud.ipos.appstore.R$array
cn.koolcloud.ipos.appstore.R$array: int colors
cn.koolcloud.ipos.appstore.R$array: int main_array
cn.koolcloud.ipos.appstore.R$array: int sections
cn.koolcloud.ipos.appstore.R$array: int setting_array
...
android.support.v4.app.ShareCompatICS
android.support.v4.app.ShareCompatICS: java.lang.String HISTORY_FILENAME_PREFIX
android.support.v4.app.ShareCompatICS: ShareCompatICS()
android.support.v4.app.ShareCompatICS: void configureMenuItem(android.view.MenuItem,android.app.Activity,android.content.Intent)
android.support.v4.app.ShareCompatJB
android.support.v4.app.ShareCompatJB: ShareCompatJB()
android.support.v4.app.ShareCompatJB: java.lang.String escapeHtml(java.lang.CharSequence)
android.support.v4.app.SuperNotCalledException
android.support.v4.app.SuperNotCalledException: SuperNotCalledException(java.lang.String)
android.support.v4.app.TaskStackBuilder
android.support.v4.app.TaskStackBuilder: java.lang.String TAG
android.support.v4.app.TaskStackBuilder: android.support.v4.app.TaskStackBuilder$TaskStackBuilderImpl IMPL
android.support.v4.app.TaskStackBuilder: java.util.ArrayList mIntents
android.support.v4.app.TaskStackBuilder: android.content.Context mSourceContext
android.support.v4.app.TaskStackBuilder: TaskStackBuilder(android.content.Context)
android.support.v4.app.TaskStackBuilder: android.support.v4.app.TaskStackBuilder create(android.content.Context)
android.support.v4.app.TaskStackBuilder: android.support.v4.app.TaskStackBuilder from(android.content.Context)
android.support.v4.app.TaskStackBuilder: android.support.v4.app.TaskStackBuilder addNextIntent(android.content.Intent)
android.support.v4.app.TaskStackBuilder: android.support.v4.app.TaskStackBuilder addNextIntentWithParentStack(android.content.Intent)
android.support.v4.app.TaskStackBuilder: android.support.v4.app.TaskStackBuilder addParentStack(android.app.Activity)
android.support.v4.app.TaskStackBuilder: android.support.v4.app.TaskStackBuilder addParentStack(java.lang.Class)
android.support.v4.app.TaskStackBuilder: android.support.v4.app.TaskStackBuilder addParentStack(android.content.ComponentName)
android.support.v4.app.TaskStackBuilder: int getIntentCount()
android.support.v4.app.TaskStackBuilder: android.content.Intent getIntent(int)
android.support.v4.app.TaskStackBuilder: android.content.Intent editIntentAt(int)
android.support.v4.app.TaskStackBuilder$TaskStackBuilderImpl
android.support.v4.app.TaskStackBuilder$TaskStackBuilderImpl: android.app.PendingIntent getPendingIntent(android.content.Context,android.content.Intent[],int,int,android.os.Bundle)
android.support.v4.app.TaskStackBuilder$TaskStackBuilderImplBase
android.support.v4.app.TaskStackBuilder$TaskStackBuilderImplBase: TaskStackBuilder$TaskStackBuilderImplBase()
android.support.v4.app.TaskStackBuilder$TaskStackBuilderImplBase: android.app.PendingIntent getPendingIntent(android.content.Context,android.content.Intent[],int,int,android.os.Bundle)
android.support.v4.app.TaskStackBuilder$TaskStackBuilderImplHoneycomb
android.support.v4.app.TaskStackBuilder$TaskStackBuilderImplHoneycomb: TaskStackBuilder$TaskStackBuilderImplHoneycomb()
android.support.v4.app.TaskStackBuilder$TaskStackBuilderImplHoneycomb: android.app.PendingIntent getPendingIntent(android.content.Context,android.content.Intent[],int,int,android.os.Bundle)
android.support.v4.app.TaskStackBuilder$TaskStackBuilderImplJellybean
android.support.v4.app.TaskStackBuilder$TaskStackBuilderImplJellybean: TaskStackBuilder$TaskStackBuilderImplJellybean()
android.support.v4.app.TaskStackBuilder$TaskStackBuilderImplJellybean: android.app.PendingIntent getPendingIntent(android.content.Context,android.content.Intent[],int,int,android.os.Bundle)
android.support.v4.app.TaskStackBuilderHoneycomb
android.support.v4.app.TaskStackBuilderHoneycomb: TaskStackBuilderHoneycomb()
android.support.v4.app.TaskStackBuilderHoneycomb: android.app.PendingIntent getActivitiesPendingIntent(android.content.Context,int,android.content.Intent[],int)