app_core/proguard/mapping.txt
cn.koolcloud.ipos.appstore.AboutDialogActivity -> cn.koolcloud.ipos.appstore.AboutDialogActivity:
    android.widget.TextView titleTextView -> d
    android.widget.TextView msgBodyTextView -> e
    android.widget.TextView linkTextView -> f
    android.text.SpannableString spString -> g
    void onCreate(android.os.Bundle) -> onCreate
    void initViews() -> a
    void onClick(android.view.View) -> onClick
cn.koolcloud.ipos.appstore.AppCommentDialogActivity -> cn.koolcloud.ipos.appstore.AppCommentDialogActivity:
    android.widget.TextView titleTextView -> d
    android.widget.EditText commentEditText -> e
    android.widget.Button okButton -> f
    android.widget.Button cancelButton -> g
    android.widget.RatingBar ratingBar -> h
    cn.koolcloud.ipos.appstore.entity.App app -> i
    cn.koolcloud.ipos.appstore.interfaces.CallBack commitCommentCallBack -> j
    void onCreate(android.os.Bundle) -> onCreate
    void initViews() -> a
    void onClick(android.view.View) -> onClick
    void commitComment(java.lang.String,int) -> a
    boolean onTouchEvent(android.view.MotionEvent) -> onTouchEvent
    boolean isCommentsEmpty(java.lang.String,int) -> b
cn.koolcloud.ipos.appstore.AppCommentDialogActivity$1 -> cn.koolcloud.ipos.appstore.a:
    cn.koolcloud.ipos.appstore.AppCommentDialogActivity this$0 -> a
    void onCancelled() -> a
    void onStart() -> b
    void onSuccess(org.json.JSONObject) -> a
    void onFailure(java.lang.String) -> a
cn.koolcloud.ipos.appstore.AppDetailActivity -> cn.koolcloud.ipos.appstore.AppDetailActivity:
    com.actionbarsherlock.app.ActionBar actionBar -> d
    boolean useLogo -> e
    android.widget.LinearLayout waitingViewContainerLayout -> f
    android.widget.RelativeLayout noNetWorkContainerLayout -> g
    android.view.ViewStub viewStub -> h
    android.support.v4.app.FragmentManager fragmentManager -> i
    android.os.Bundle mBundle -> j
    cn.koolcloud.ipos.appstore.AppDetailActivity instance -> k
    cn.koolcloud.ipos.appstore.AppDetailActivity getInstance() -> a
    void onCreate(android.os.Bundle) -> onCreate
    void initFragments() -> j
    void initActionBar() -> k
    void showTabsNav() -> l
    void refreshLocalSoftData() -> b
    void onTabSelected(com.actionbarsherlock.app.ActionBar$Tab,android.support.v4.app.FragmentTransaction) -> onTabSelected
    void onTabUnselected(com.actionbarsherlock.app.ActionBar$Tab,android.support.v4.app.FragmentTransaction) -> onTabUnselected
    void onTabReselected(com.actionbarsherlock.app.ActionBar$Tab,android.support.v4.app.FragmentTransaction) -> onTabReselected
    void onDetailLeftActivityCreated() -> c
    void onDetailActivityCreated() -> d
    void onActivityResult(int,int,android.content.Intent) -> onActivityResult
    void closeCommentFragment() -> e
    boolean onOptionsItemSelected(com.actionbarsherlock.view.MenuItem) -> onOptionsItemSelected
cn.koolcloud.ipos.appstore.AppDetailActivity$1 -> cn.koolcloud.ipos.appstore.b:
    cn.koolcloud.ipos.appstore.AppDetailActivity this$0 -> a
    boolean onNavigationItemSelected(int,long) -> onNavigationItemSelected
...
android.support.v4.app.NavUtils$NavUtilsImplBase -> android.support.v4.app.NavUtils$NavUtilsImplBase:
    android.content.Intent getParentActivityIntent(android.app.Activity) -> getParentActivityIntent
    boolean shouldUpRecreateTask(android.app.Activity,android.content.Intent) -> shouldUpRecreateTask
    void navigateUpTo(android.app.Activity,android.content.Intent) -> navigateUpTo
    java.lang.String getParentActivityName(android.content.Context,android.content.pm.ActivityInfo) -> getParentActivityName
android.support.v4.app.NavUtils$NavUtilsImplJB -> android.support.v4.app.NavUtils$NavUtilsImplJB:
    android.content.Intent getParentActivityIntent(android.app.Activity) -> getParentActivityIntent
    android.content.Intent superGetParentActivityIntent(android.app.Activity) -> superGetParentActivityIntent
    boolean shouldUpRecreateTask(android.app.Activity,android.content.Intent) -> shouldUpRecreateTask
    void navigateUpTo(android.app.Activity,android.content.Intent) -> navigateUpTo
    java.lang.String getParentActivityName(android.content.Context,android.content.pm.ActivityInfo) -> getParentActivityName
android.support.v4.app.NavUtilsJB -> android.support.v4.app.NavUtilsJB:
    android.content.Intent getParentActivityIntent(android.app.Activity) -> getParentActivityIntent
    boolean shouldUpRecreateTask(android.app.Activity,android.content.Intent) -> shouldUpRecreateTask
    void navigateUpTo(android.app.Activity,android.content.Intent) -> navigateUpTo
    java.lang.String getParentActivityName(android.content.pm.ActivityInfo) -> getParentActivityName
android.support.v4.app.NoSaveStateFrameLayout -> android.support.v4.app.NoSaveStateFrameLayout:
    android.view.ViewGroup wrap(android.view.View) -> wrap
    void dispatchSaveInstanceState(android.util.SparseArray) -> dispatchSaveInstanceState
    void dispatchRestoreInstanceState(android.util.SparseArray) -> dispatchRestoreInstanceState
android.support.v4.app.NotificationCompat -> android.support.v4.app.NotificationCompat:
    int FLAG_HIGH_PRIORITY -> FLAG_HIGH_PRIORITY
    int PRIORITY_DEFAULT -> PRIORITY_DEFAULT
    int PRIORITY_LOW -> PRIORITY_LOW
    int PRIORITY_MIN -> PRIORITY_MIN
    int PRIORITY_HIGH -> PRIORITY_HIGH
    int PRIORITY_MAX -> PRIORITY_MAX
    android.support.v4.app.NotificationCompat$NotificationCompatImpl IMPL -> IMPL
    android.support.v4.app.NotificationCompat$NotificationCompatImpl access$000() -> access$000
android.support.v4.app.NotificationCompat$Action -> android.support.v4.app.NotificationCompat$Action:
    int icon -> icon
    java.lang.CharSequence title -> title
    android.app.PendingIntent actionIntent -> actionIntent
android.support.v4.app.NotificationCompat$BigPictureStyle -> android.support.v4.app.NotificationCompat$BigPictureStyle:
    android.graphics.Bitmap mPicture -> mPicture
    android.graphics.Bitmap mBigLargeIcon -> mBigLargeIcon
    boolean mBigLargeIconSet -> mBigLargeIconSet
    android.support.v4.app.NotificationCompat$BigPictureStyle setBigContentTitle(java.lang.CharSequence) -> setBigContentTitle
    android.support.v4.app.NotificationCompat$BigPictureStyle setSummaryText(java.lang.CharSequence) -> setSummaryText
    android.support.v4.app.NotificationCompat$BigPictureStyle bigPicture(android.graphics.Bitmap) -> bigPicture
    android.support.v4.app.NotificationCompat$BigPictureStyle bigLargeIcon(android.graphics.Bitmap) -> bigLargeIcon
android.support.v4.app.NotificationCompat$BigTextStyle -> android.support.v4.app.NotificationCompat$BigTextStyle:
    java.lang.CharSequence mBigText -> mBigText
    android.support.v4.app.NotificationCompat$BigTextStyle setBigContentTitle(java.lang.CharSequence) -> setBigContentTitle
    android.support.v4.app.NotificationCompat$BigTextStyle setSummaryText(java.lang.CharSequence) -> setSummaryText
    android.support.v4.app.NotificationCompat$BigTextStyle bigText(java.lang.CharSequence) -> bigText