app_core/proguard/usage.txt
cn.koolcloud.ipos.appstore.AppCommentDialogActivity:
    public static final int SOFTWARE_COMMNET_DIALOG_REQUEST
cn.koolcloud.ipos.appstore.BaseActivity:
    public static final int SHOW_LOADING
    public static final int DISMISS_LOADING
    87:87:public android.os.Handler getHandler()
cn.koolcloud.ipos.appstore.BuildConfig
cn.koolcloud.ipos.appstore.MainActivity:
    private static final int EXIT_LAST_TIME
cn.koolcloud.ipos.appstore.MyApp:
    private static final int INIT_APP_INFOS
    40:40:public android.view.LayoutInflater getInflater()
    53:57:public void addAppInfoCache(android.content.pm.PackageInfo)
cn.koolcloud.ipos.appstore.NotificationPromotionActivity:
    private static final int HANDLE_NOTIFY_PROMOTION
cn.koolcloud.ipos.appstore.NotificationPromotionActivity$LoadNotifyPromotions
cn.koolcloud.ipos.appstore.R:
    10:10:public R()
cn.koolcloud.ipos.appstore.SearchActivity:
    public static final int SEARCH_ACTIVITY_REQUEST
    public static final int GENERAL_APPS_INSTALL_REQUEST
    private static final int HANDLE_UPDATE_APP
cn.koolcloud.ipos.appstore.SearchActivity$MyDownloadReceiver:
    307:311:public void downloadResumed(java.lang.String)
cn.koolcloud.ipos.appstore.SplashActivity:
    public static final java.lang.String NETWORK_AVAILABLE_KEY
    private static final int SHOW_TOAST
    private static final int GO_TO_MAIN_PAGE
cn.koolcloud.ipos.appstore.UpdateClientDialogActivity:
    public static final int UPDATE_CLIENT_DIALOG_REQUEST
    private static final java.lang.String APK_NAME
cn.koolcloud.ipos.appstore.WebViewActivity$JavaScriptInterface:
    98:102:public void print(java.lang.String)
    105:109:public void printQueueNumber(java.lang.String)
cn.koolcloud.ipos.appstore.WebViewActivity$JavaScriptInterface$1
cn.koolcloud.ipos.appstore.WebViewActivity$JavaScriptInterface$2
cn.koolcloud.ipos.appstore.adapter.ActionBarSuggestionsAdapter
cn.koolcloud.ipos.appstore.adapter.UpdateAppsListAdapter:
    public static final int GENERAL_APPS_INSTALL_REQUEST
    private static final int HANDLE_DOWNLOAD_PROCESS
    private static final int HANDLE_DOWNLOAD_PROCESS_DONE
    private static final int HANDLE_START_NEW_PROCESS
cn.koolcloud.ipos.appstore.api.ApiService:
    private static final java.lang.String TAG
    private static final java.lang.String HOST
    private static final java.lang.String VERSION_VAL
    private static final java.lang.String REGISTER_TERMINAL_ACTION
    private static final java.lang.String GET_CATEGORIES_ACTION
    private static final java.lang.String GET_APPS_ACTION
    private static final java.lang.String SEARCH_APP_ACTION
    private static final java.lang.String GET_APP_DETAILS_ACTION
    private static final java.lang.String DOWNLOAD_APP_ACTION
    private static final java.lang.String DOWNLOAD_PIC_ACTION
    private static final java.lang.String SELF_UPDATE_ACTION
    private static final java.lang.String POST_COMMENT_ACTION
    private static final java.lang.String GET_COMMENTS_ACTION
    private static final java.lang.String GET_COMMENT_SUMMARY_ACTION
    private static final java.lang.String CHECK_APP_UPDATE_ACTION
    private static final java.lang.String GET_PROMOTION_ACTION
    private static final java.lang.String REQUEST_CONTEXT
    private static final java.lang.String REGISTER_TERMINAL_PATH
    private static final java.lang.String GET_CATEGORIES_PATH
    private static final java.lang.String SEARCH_APPS_PATH
    private static final java.lang.String GET_APPS_PATH
    private static final java.lang.String GET_APP_DETAILS_PATH
    private static final java.lang.String SELF_UPDATE_PATH
    private static final java.lang.String POST_COMMENT_PATH
cn.koolcloud.ipos.appstore.api.ssl.AppStoreSSLSocketFactory
cn.koolcloud.ipos.appstore.api.ssl.SSLX509TrustManager
cn.koolcloud.ipos.appstore.cache.BindDataIf
cn.koolcloud.ipos.appstore.cache.BindDataIf$BindHolder
cn.koolcloud.ipos.appstore.cache.BindDataIf$Callback
...
android.support.v4.view.AccessibilityDelegateCompatIcs
android.support.v4.view.AccessibilityDelegateCompatIcs$1
android.support.v4.view.AccessibilityDelegateCompatIcs$AccessibilityDelegateBridge
android.support.v4.view.AccessibilityDelegateCompatJellyBean
android.support.v4.view.AccessibilityDelegateCompatJellyBean$1
android.support.v4.view.AccessibilityDelegateCompatJellyBean$AccessibilityDelegateBridgeJellyBean
android.support.v4.view.GestureDetectorCompat
android.support.v4.view.GestureDetectorCompat$GestureDetectorCompatImpl
android.support.v4.view.GestureDetectorCompat$GestureDetectorCompatImplBase
android.support.v4.view.GestureDetectorCompat$GestureDetectorCompatImplBase$GestureHandler
android.support.v4.view.GestureDetectorCompat$GestureDetectorCompatImplJellybeanMr2
android.support.v4.view.GravityCompat:
    public static final int RELATIVE_LAYOUT_DIRECTION
    public static final int START
    public static final int END
    public static final int RELATIVE_HORIZONTAL_GRAVITY_MASK
    27:62:public GravityCompat()
    132:133:public static void apply(int,int,int,android.graphics.Rect,android.graphics.Rect,int)
    162:163:public static void apply(int,int,int,android.graphics.Rect,int,int,android.graphics.Rect,int)
    186:187:public static void applyDisplay(int,android.graphics.Rect,android.graphics.Rect,int)
android.support.v4.view.GravityCompat$GravityCompatImpl:
    public abstract void apply(int,int,int,android.graphics.Rect,android.graphics.Rect,int)
    public abstract void apply(int,int,int,android.graphics.Rect,int,int,android.graphics.Rect,int)
    public abstract void applyDisplay(int,android.graphics.Rect,android.graphics.Rect,int)
android.support.v4.view.GravityCompat$GravityCompatImplBase:
    46:47:public void apply(int,int,int,android.graphics.Rect,android.graphics.Rect,int)
    52:53:public void apply(int,int,int,android.graphics.Rect,int,int,android.graphics.Rect,int)
    58:59:public void applyDisplay(int,android.graphics.Rect,android.graphics.Rect,int)
android.support.v4.view.GravityCompat$GravityCompatImplJellybeanMr1:
    71:72:public void apply(int,int,int,android.graphics.Rect,android.graphics.Rect,int)
    77:79:public void apply(int,int,int,android.graphics.Rect,int,int,android.graphics.Rect,int)
    83:84:public void applyDisplay(int,android.graphics.Rect,android.graphics.Rect,int)
android.support.v4.view.GravityCompatJellybeanMr1:
    23:23:GravityCompatJellybeanMr1()
    31:32:public static void apply(int,int,int,android.graphics.Rect,android.graphics.Rect,int)
    36:37:public static void apply(int,int,int,android.graphics.Rect,int,int,android.graphics.Rect,int)
    40:41:public static void applyDisplay(int,android.graphics.Rect,android.graphics.Rect,int)
android.support.v4.view.KeyEventCompat:
    25:118:public KeyEventCompat()
    150:150:public static int normalizeMetaState(int)
    154:154:public static boolean metaStateHasModifiers(int,int)
    158:158:public static boolean metaStateHasNoModifiers(int)
    174:174:public static boolean isTracking(android.view.KeyEvent)
android.support.v4.view.KeyEventCompat$BaseKeyEventVersionImpl:
    private static final int META_MODIFIER_MASK
    private static final int META_ALL_MASK
    99:99:public boolean isTracking(android.view.KeyEvent)
android.support.v4.view.KeyEventCompat$EclairKeyEventVersionImpl:
    111:111:public boolean isTracking(android.view.KeyEvent)
android.support.v4.view.KeyEventCompat$KeyEventVersionImpl:
    public abstract int normalizeMetaState(int)
    public abstract boolean isTracking(android.view.KeyEvent)
android.support.v4.view.KeyEventCompatEclair:
    22:22:KeyEventCompatEclair()
    28:28:public static boolean isTracking(android.view.KeyEvent)
android.support.v4.view.KeyEventCompatHoneycomb:
    24:24:KeyEventCompatHoneycomb()
android.support.v4.view.MenuCompat
android.support.v4.view.MenuCompat$BaseMenuVersionImpl
android.support.v4.view.MenuCompat$HoneycombMenuVersionImpl